2018-03-13T14:59:18.239Z - info:   [04828] *** FOLDER: c:\Users\kevin_000\Documents\DevWorkSpaces\mckessonTracking ***
2018-03-13T14:59:18.242Z - info:   [04828] VSTSVSCode/1.122.0 (VSCode 1.21.0; Windows_NT 10.0.16299; Node 7.9.0)
2018-03-13T14:59:18.244Z - debug:  [04828] Looking for an External Context at c:\Users\kevin_000\Documents\DevWorkSpaces\mckessonTracking
2018-03-13T14:59:18.245Z - debug:  [04828] No External Context at c:\Users\kevin_000\Documents\DevWorkSpaces\mckessonTracking
2018-03-13T14:59:18.373Z - debug:  [04828] Looking for TFVC repository at c:\Users\kevin_000\Documents\DevWorkSpaces\mckessonTracking
2018-03-13T14:59:18.374Z - debug:  [04828] TFVC Creating Tfvc object with localPath='undefined'
2018-03-13T14:59:18.380Z - debug:  [04828] Using TFS proxy: 
2018-03-13T14:59:18.380Z - debug:  [04828] TFVC Retrieved from settings; localPath='C:\Program Files (x86)\Microsoft Visual Studio 14.0\Common7\IDE\TF.exe'
2018-03-13T14:59:18.382Z - debug:  [04828] TFVC Repository created with repositoryRootFolder='c:\Users\kevin_000\Documents\DevWorkSpaces\mckessonTracking'
2018-03-13T14:59:18.393Z - debug:  [04828] TFVC Repository.CheckVersion
2018-03-13T14:59:18.443Z - debug:  [04828] TFVC: tf add -noprompt -?
2018-03-13T14:59:18.476Z - debug:  [04828] TFVC: spawned new process (duration: 30ms)
2018-03-13T14:59:18.492Z - debug:  [04828] TFVC: spawned new process (duration: 13ms)
2018-03-13T14:59:27.075Z - debug:  [04828] TFVC: add exit code: 0 (duration: 8631ms)
2018-03-13T14:59:27.081Z - debug:  [04828] TFVC Minimum required version: 14.102.0
2018-03-13T14:59:27.081Z - debug:  [04828] TFVC (TF.exe, TF.cmd) version: 14.102.25619.0
2018-03-13T14:59:27.082Z - debug:  [04828] TFVC Repository.FindWorkspace with localPath='c:\Users\kevin_000\Documents\DevWorkSpaces\mckessonTracking'
2018-03-13T14:59:27.089Z - debug:  [04828] TFVC: tf workfold -noprompt ********
2018-03-13T14:59:27.106Z - debug:  [04828] TFVC: spawned new process (duration: 16ms)
2018-03-13T14:59:27.856Z - debug:  [04828] TFVC: workfold exit code: 100 (duration: 767ms)
2018-03-13T14:59:27.859Z - debug:  [04828] TFVC errors (via stderr): Unable to determine the source control server.

2018-03-13T14:59:27.860Z - error:  [04828] Could not find a workspace with mappings (e.g., not a TFVC repository, wrong version of TF is being used). Unable to determine the source control server.
